

HI-TECH Software PICC Macro Assembler V9.60PL1
                                                      Mon Jul 21 16:07:00 2008


     1                           	processor	16F877A
     2                           	opt	pw 79
     3                           	psect	text0,local,class=CODE,delta=2
     4                           	psect	config,global,class=CONFIG,delta=2
     5                           	psect	text1,local,class=CODE,delta=2
     6                           	psect	text2,local,class=CODE,delta=2
     7                           	psect	intcode,global,class=CODE,delta=2
     8                           	psect	intsave_0,global,ovrld,class=COMBANK,spa
      +                          ce=1,delta=1
     9                           	psect	intret,global,class=CODE,delta=2
    10                           	psect	intentry,global,class=CODE,delta=2
    11                           	psect	intsave,global,class=BANK0,space=1,delta
      +                          =1
    12                           	psect	text3,local,class=CODE,delta=2
    13                           	psect	text4,local,class=CODE,delta=2
    14                           	psect	text5,local,class=CODE,delta=2
    15                           	psect	text6,local,class=CODE,delta=2
    16                           	psect	temp,global,ovrld,class=BANK0,space=1,de
      +                          lta=1
    17  0000                     
    18  0000                     
    19  0000                     
    20  0000                     
    21  0000                     
    22  0000                     
    23  0000                     
    24  0000                     
    25  0000                     
    26  0000                     	;#
    27                           
    28                           	psect	text0
    29  01F0                     _main
    30                           ;main.c: 13: void main(void)
    31  01F0  2177               	call	_inicializar
    32                           ;main.c: 16: RC0=1;
    33  01F1  1407               	bsf	7,0
    34  01F2                     l3
    35                           ;main.c: 17: while(1)
    36                           ;main.c: 18: {
    37  01F2  1587               	bsf	7,3
    38  01F3  29F2               	goto	l3
    39                           
    40                           	psect	config
    41  2007  3F32               	dw	16178	;#
    42                           
    43                           	psect	text1
    44  0177                     _inicializar
    45                           ;main.c: 23: void inicializar(void)
    46  0177  3040               	movlw	64
    47  0178  008B               	movwf	11	;volatile
    48                           ;main.c: 26: RCSTA=0b10010000;
    49  0179  3090               	movlw	-112
    50  017A  1283               	bcf	3,5
    51  017B  1303               	bcf	3,6	;carry unused
    52  017C  0098               	movwf	24	;volatile
    53                           ;main.c: 27: OPTION=0;
    54  017D  1683               	bsf	3,5
    55  017E  0181               	clrf	1
    56                           ;main.c: 28: TRISA=0b00111111;
    57  017F  303F               	movlw	63
    58  0180  0085               	movwf	5	;volatile
    59                           ;main.c: 29: TRISB=0b11111111;
    60  0181  30FF               	movlw	-1
    61  0182  0086               	movwf	6	;volatile
    62                           ;main.c: 30: TRISC=0b10000000;
    63  0183  3080               	movlw	-128
    64  0184  0087               	movwf	7	;volatile
    65                           ;main.c: 31: TRISD=0b11110000;
    66  0185  30F0               	movlw	-16
    67  0186  0088               	movwf	8	;volatile
    68                           ;main.c: 32: TRISE=0b00000111;
    69  0187  3007               	movlw	7
    70  0188  0089               	movwf	9	;volatile
    71                           ;main.c: 33: PIE1=0x20;
    72  0189  3020               	movlw	32
    73  018A  008C               	movwf	12	;volatile
    74                           ;main.c: 34: PIE2=0;
    75  018B  018D               	clrf	13	;volatile
    76                           ;main.c: 35: TXSTA=0b00100100;
    77  018C  3024               	movlw	36
    78  018D  0098               	movwf	24	;volatile
    79                           ;main.c: 36: SPBRG=10;
    80  018E  300A               	movlw	10
    81  018F  0099               	movwf	25	;volatile
    82                           ;main.c: 37: PR2=255;
    83  0190  30FF               	movlw	-1
    84  0191  0092               	movwf	18	;volatile
    85                           ;main.c: 38: CMCON=0x07;
    86  0192  3007               	movlw	7
    87  0193  009C               	movwf	28	;volatile
    88                           ;main.c: 39: CVRCON=0;
    89  0194  019D               	clrf	29	;volatile
    90                           ;main.c: 40: ADCON1=128;
    91  0195  3080               	movlw	-128
    92  0196  009F               	movwf	31	;volatile
    93                           ;main.c: 41: PORTA=0;
    94  0197  1283               	bcf	3,5
    95  0198  0185               	clrf	5	;volatile
    96                           ;main.c: 42: PORTC=0;
    97  0199  0187               	clrf	7	;volatile
    98                           ;main.c: 43: PORTD=0;
    99  019A  0188               	clrf	8	;volatile
   100                           ;main.c: 44: CCPR1L=0;
   101  019B  0195               	clrf	21	;volatile
   102                           ;main.c: 45: CCPR2L=0;
   103  019C  019B               	clrf	27	;volatile
   104                           ;main.c: 46: T2CON=0b00000100;
   105  019D  3004               	movlw	4
   106  019E  0092               	movwf	18	;volatile
   107                           ;main.c: 47: CCP1CON=0b00001100;
   108  019F  300C               	movlw	12
   109  01A0  0097               	movwf	23	;volatile
   110                           ;main.c: 48: CCP2CON=0b00001100;
   111  01A1  009D               	movwf	29	;volatile
   112                           ;main.c: 49: (GIE = 1);
   113  01A2  178B               	bsf	11,7
   114                           ;main.c: 50: }
   115  01A3  0008               	return	;W free
   116                           
   117                           	psect	intcode
   118  000F                     _rsi
   119  000F                     int_func
   120                           ;	_instruccion assigned to ?a_rsi+0
   121  0000                     _rsi$instruccion	set	?a_rsi
   122                           ;	_arg2 assigned to ?a_rsi+1
   123  0000                     _rsi$arg2	set	?a_rsi+1
   124                           ;	_arg1 assigned to ?a_rsi+2
   125  0000                     _rsi$arg1	set	?a_rsi+2
   126                           ;main.c: 52: void interrupt rsi(void)
   127  000F  0183               	clrf	3	;select bank 0
   128  0010  081A               	movf	26,w	;volatile
   129  0011  00A0               	movwf	?a_rsi
   130                           ;main.c: 56: RC3=0;
   131  0012  1187               	bcf	7,3
   132                           ;main.c: 57: switch(instruccion)
   133  0013  28F0               	goto	l8
   134  0014                     l9
   135                           ;main.c: 58: {
   136                           ;main.c: 60: usartTx(PORTB);
   137  0014  0806               	movf	6,w	;volatile
   138  0015  28EE               	goto	L28
   139                           ;main.c: 62: break;
   140  0016                     l10
   141                           ;main.c: 63: case 4:
   142                           ;main.c: 64: arg1=usartRx();
   143  0016  21C5               	call	_usartRx
   144  0017  00A2               	movwf	?a_rsi+2
   145                           ;main.c: 65: PORTC=(PORTC&0b11001111)|(arg1&0b0
      +                          0110000);
   146  0018  3930               	andlw	48
   147  0019  00A3               	movwf	?a_rsi+3
   148  001A  0807               	movf	7,w	;volatile
   149  001B  39CF               	andlw	-49
   150  001C  0423               	iorwf	?a_rsi+3,w
   151  001D  0087               	movwf	7	;volatile
   152                           ;main.c: 66: break;
   153  001E  2969               	goto	l6
   154  001F                     l11
   155                           ;main.c: 67: case 10:
   156                           ;main.c: 68: enviarCanal(0);
   157  001F  01A5               	clrf	?_enviarCanal
   158  0020  01A6               	clrf	?_enviarCanal+1
   159  0021  21A4               	call	_enviarCanal
   160  0022  2843               	goto	l19
   161                           ;main.c: 69: enviarCanal(1);
   162                           ;main.c: 71: break;
   163  0023                     l12
   164                           ;main.c: 72: case 11:
   165                           ;main.c: 73: enviarCanal(1);
   166  0023  01A5               	clrf	?_enviarCanal
   167  0024  0AA5               	incf	?_enviarCanal
   168  0025  01A6               	clrf	?_enviarCanal+1
   169  0026  21A4               	call	_enviarCanal
   170  0027  2846               	goto	l20
   171                           ;main.c: 74: enviarCanal(2);
   172                           ;main.c: 76: break;
   173  0028                     l13
   174                           ;main.c: 77: case 12:
   175                           ;main.c: 78: enviarCanal(2);
   176  0028  3002               	movlw	2
   177  0029  00A5               	movwf	?_enviarCanal
   178  002A  01A6               	clrf	?_enviarCanal+1
   179  002B  21A4               	call	_enviarCanal
   180  002C  2848               	goto	l21
   181                           ;main.c: 79: enviarCanal(3);
   182                           ;main.c: 81: break;
   183  002D                     l14
   184                           ;main.c: 82: case 13:
   185                           ;main.c: 83: enviarCanal(3);
   186  002D  3003               	movlw	3
   187  002E  00A5               	movwf	?_enviarCanal
   188  002F  01A6               	clrf	?_enviarCanal+1
   189  0030  21A4               	call	_enviarCanal
   190  0031  284A               	goto	l22
   191                           ;main.c: 84: enviarCanal(4);
   192                           ;main.c: 86: break;
   193  0032                     l15
   194                           ;main.c: 87: case 14:
   195                           ;main.c: 88: enviarCanal(4);
   196  0032  3004               	movlw	4
   197  0033  00A5               	movwf	?_enviarCanal
   198  0034  01A6               	clrf	?_enviarCanal+1
   199  0035  21A4               	call	_enviarCanal
   200  0036  284C               	goto	l23
   201                           ;main.c: 89: enviarCanal(5);
   202                           ;main.c: 91: break;
   203  0037                     l16
   204                           ;main.c: 92: case 15:
   205                           ;main.c: 93: enviarCanal(5);
   206  0037  3005               	movlw	5
   207  0038  00A5               	movwf	?_enviarCanal
   208  0039  01A6               	clrf	?_enviarCanal+1
   209  003A  21A4               	call	_enviarCanal
   210  003B  284E               	goto	l24
   211                           ;main.c: 94: enviarCanal(6);
   212                           ;main.c: 96: break;
   213  003C                     l17
   214                           ;main.c: 97: case 16:
   215                           ;main.c: 98: enviarCanal(6);
   216  003C  3006               	movlw	6
   217  003D  00A5               	movwf	?_enviarCanal
   218  003E  01A6               	clrf	?_enviarCanal+1
   219  003F  21A4               	call	_enviarCanal
   220  0040  2850               	goto	l25
   221                           ;main.c: 99: enviarCanal(7);
   222                           ;main.c: 101: break;
   223  0041                     l18
   224                           ;main.c: 102: case 20:
   225                           ;main.c: 103: enviarCanal(0);
   226  0041  01A5               	clrf	?_enviarCanal
   227  0042  2852               	goto	L15
   228                           ;main.c: 105: break;
   229  0043                     l19
   230                           ;main.c: 106: case 21:
   231                           ;main.c: 107: enviarCanal(1);
   232  0043  01A5               	clrf	?_enviarCanal
   233  0044  0AA5               	incf	?_enviarCanal
   234  0045  2852               	goto	L15
   235                           ;main.c: 109: break;
   236  0046                     l20
   237                           ;main.c: 110: case 22:
   238                           ;main.c: 111: enviarCanal(2);
   239  0046  3002               	movlw	2
   240  0047  2851               	goto	L29
   241                           ;main.c: 113: break;
   242  0048                     l21
   243                           ;main.c: 114: case 23:
   244                           ;main.c: 115: enviarCanal(3);
   245  0048  3003               	movlw	3
   246  0049  2851               	goto	L29
   247                           ;main.c: 117: break;
   248  004A                     l22
   249                           ;main.c: 118: case 24:
   250                           ;main.c: 119: enviarCanal(4);
   251  004A  3004               	movlw	4
   252  004B  2851               	goto	L29
   253                           ;main.c: 121: break;
   254  004C                     l23
   255                           ;main.c: 122: case 25:
   256                           ;main.c: 123: enviarCanal(5);
   257  004C  3005               	movlw	5
   258  004D  2851               	goto	L29
   259                           ;main.c: 125: break;
   260  004E                     l24
   261                           ;main.c: 126: case 26:
   262                           ;main.c: 127: enviarCanal(6);
   263  004E  3006               	movlw	6
   264  004F  2851               	goto	L29
   265                           ;main.c: 129: break;
   266  0050                     l25
   267                           ;main.c: 130: case 27:
   268                           ;main.c: 131: enviarCanal(7);
   269  0050  3007               	movlw	7
   270  0051                     L29
   271  0051  00A5               	movwf	?_enviarCanal
   272  0052                     L15
   273  0052  01A6               	clrf	?_enviarCanal+1
   274  0053  21A4               	call	_enviarCanal
   275                           ;main.c: 133: break;
   276  0054  2969               	goto	l6
   277  0055                     l26
   278                           ;main.c: 134: case 30:
   279                           ;main.c: 135: usartTx(RB0);
   280  0055  3000               	movlw	0
   281  0056  1806               	btfsc	6,0
   282  0057  3001               	movlw	1
   283  0058  28EE               	goto	L28
   284                           ;main.c: 137: break;
   285  0059                     l27
   286                           ;main.c: 138: case 31:
   287                           ;main.c: 139: usartTx(RB1);
   288  0059  3000               	movlw	0
   289  005A  1886               	btfsc	6,1
   290  005B  3001               	movlw	1
   291  005C  28EE               	goto	L28
   292                           ;main.c: 141: break;
   293  005D                     l28
   294                           ;main.c: 142: case 32:
   295                           ;main.c: 143: usartTx(RB2);
   296  005D  3000               	movlw	0
   297  005E  1906               	btfsc	6,2
   298  005F  3001               	movlw	1
   299  0060  28EE               	goto	L28
   300                           ;main.c: 145: break;
   301  0061                     l29
   302                           ;main.c: 146: case 33:
   303                           ;main.c: 147: usartTx(RB3);
   304  0061  3000               	movlw	0
   305  0062  1986               	btfsc	6,3
   306  0063  3001               	movlw	1
   307  0064  28EE               	goto	L28
   308                           ;main.c: 149: break;
   309  0065                     l30
   310                           ;main.c: 150: case 34:
   311                           ;main.c: 151: usartTx(RB4);
   312  0065  3000               	movlw	0
   313  0066  1A06               	btfsc	6,4
   314  0067  3001               	movlw	1
   315  0068  28EE               	goto	L28
   316                           ;main.c: 153: break;
   317  0069                     l31
   318                           ;main.c: 154: case 35:
   319                           ;main.c: 155: usartTx(RB5);
   320  0069  3000               	movlw	0
   321  006A  1A86               	btfsc	6,5
   322  006B  3001               	movlw	1
   323  006C  28EE               	goto	L28
   324                           ;main.c: 157: break;
   325  006D                     l32
   326                           ;main.c: 158: case 36:
   327                           ;main.c: 159: usartTx(RB6);
   328  006D  3000               	movlw	0
   329  006E  1B06               	btfsc	6,6
   330  006F  3001               	movlw	1
   331  0070  28EE               	goto	L28
   332                           ;main.c: 161: break;
   333  0071                     l33
   334                           ;main.c: 162: case 37:
   335                           ;main.c: 163: usartTx(RB7);
   336  0071  3000               	movlw	0
   337  0072  1B86               	btfsc	6,7
   338  0073  3001               	movlw	1
   339  0074  28EE               	goto	L28
   340                           ;main.c: 165: break;
   341  0075                     l34
   342                           ;main.c: 166: case 41:
   343                           ;main.c: 167: arg1=usartRx();
   344  0075  21C5               	call	_usartRx
   345  0076  00A2               	movwf	?a_rsi+2
   346                           ;main.c: 168: arg2=usartRx();
   347  0077  21C5               	call	_usartRx
   348  0078  00A1               	movwf	?a_rsi+1
   349                           ;main.c: 169: CCPR2L=arg1;
   350  0079  0822               	movf	?a_rsi+2,w
   351  007A  009B               	movwf	27	;volatile
   352                           ;main.c: 170: CCP2CON=(CCP2CON & 0b11001111)|((
      +                          arg2>>2)& 0b00110000);
   353  007B  0821               	movf	?a_rsi+1,w
   354  007C  00A3               	movwf	?a_rsi+3
   355  007D  1003               	bcf	3,0
   356  007E  0CA3               	rrf	?a_rsi+3
   357  007F  1003               	bcf	3,0
   358  0080  0C23               	rrf	?a_rsi+3,w
   359  0081  3930               	andlw	48
   360  0082  00A4               	movwf	?a_rsi+4
   361  0083  081D               	movf	29,w	;volatile
   362  0084  39CF               	andlw	-49
   363  0085  0424               	iorwf	?a_rsi+4,w
   364  0086  009D               	movwf	29	;volatile
   365                           ;main.c: 171: break;
   366  0087  2969               	goto	l6
   367  0088                     l35
   368                           ;main.c: 172: case 42:
   369                           ;main.c: 173: arg1=usartRx();
   370  0088  21C5               	call	_usartRx
   371  0089  00A2               	movwf	?a_rsi+2
   372                           ;main.c: 174: arg2=usartRx();
   373  008A  21C5               	call	_usartRx
   374  008B  00A1               	movwf	?a_rsi+1
   375                           ;main.c: 175: CCPR1L=arg1;
   376  008C  0822               	movf	?a_rsi+2,w
   377  008D  0095               	movwf	21	;volatile
   378                           ;main.c: 176: CCP1CON=(CCP1CON & 0b11001111)|((
      +                          arg2>>2)& 0b00110000);
   379  008E  0821               	movf	?a_rsi+1,w
   380  008F  00A3               	movwf	?a_rsi+3
   381  0090  1003               	bcf	3,0
   382  0091  0CA3               	rrf	?a_rsi+3
   383  0092  1003               	bcf	3,0
   384  0093  0C23               	rrf	?a_rsi+3,w
   385  0094  3930               	andlw	48
   386  0095  00A4               	movwf	?a_rsi+4
   387  0096  0817               	movf	23,w	;volatile
   388  0097  39CF               	andlw	-49
   389  0098  0424               	iorwf	?a_rsi+4,w
   390  0099  0097               	movwf	23	;volatile
   391                           ;main.c: 177: break;
   392  009A  2969               	goto	l6
   393  009B                     l36
   394                           ;main.c: 178: case 44:
   395                           ;main.c: 179: RC4=(usartRx() & 1);
   396  009B  21C5               	call	_usartRx
   397  009C  00A3               	movwf	?a_rsi+3
   398  009D  0C23               	rrf	?a_rsi+3,w
   399  009E  1C03               	btfss	3,0
   400  009F  28A2               	goto	u10
   401  00A0  1607               	bsf	7,4
   402  00A1  2969               	goto	l6
   403  00A2                     u10
   404  00A2  1207               	bcf	7,4
   405                           ;main.c: 180: break;
   406  00A3  2969               	goto	l6
   407  00A4                     l37
   408                           ;main.c: 181: case 45:
   409                           ;main.c: 182: RC5=(usartRx() & 1);
   410  00A4  21C5               	call	_usartRx
   411  00A5  00A3               	movwf	?a_rsi+3
   412  00A6  0C23               	rrf	?a_rsi+3,w
   413  00A7  1C03               	btfss	3,0
   414  00A8  28AB               	goto	u30
   415  00A9  1687               	bsf	7,5
   416  00AA  2969               	goto	l6
   417  00AB                     u30
   418  00AB  1287               	bcf	7,5
   419                           ;main.c: 183: break;
   420  00AC  2969               	goto	l6
   421  00AD                     l38
   422                           ;main.c: 184: case 50:
   423                           ;main.c: 185: usartTx(PORTD & 0b11110000);
   424  00AD  0808               	movf	8,w	;volatile
   425  00AE  39F0               	andlw	-16
   426  00AF  28EE               	goto	L28
   427                           ;main.c: 187: break;
   428  00B0                     l39
   429                           ;main.c: 188: case 51:
   430                           ;main.c: 189: arg1=usartRx();
   431  00B0  21C5               	call	_usartRx
   432  00B1  00A2               	movwf	?a_rsi+2
   433                           ;main.c: 190: PORTD=(PORTD & 0b11110000)|(arg1 
      +                          & 0b00001111);
   434  00B2  390F               	andlw	15
   435  00B3  00A3               	movwf	?a_rsi+3
   436  00B4  0808               	movf	8,w	;volatile
   437  00B5  39F0               	andlw	-16
   438  00B6  0423               	iorwf	?a_rsi+3,w
   439  00B7  0088               	movwf	8	;volatile
   440                           ;main.c: 191: break;
   441  00B8  2969               	goto	l6
   442  00B9                     l40
   443                           ;main.c: 192: case 60:
   444                           ;main.c: 193: RD0=(usartRx() & 1);
   445  00B9  21C5               	call	_usartRx
   446  00BA  00A3               	movwf	?a_rsi+3
   447  00BB  0C23               	rrf	?a_rsi+3,w
   448  00BC  1C03               	btfss	3,0
   449  00BD  28C0               	goto	u50
   450  00BE  1408               	bsf	8,0
   451  00BF  2969               	goto	l6
   452  00C0                     u50
   453  00C0  1008               	bcf	8,0
   454                           ;main.c: 194: break;
   455  00C1  2969               	goto	l6
   456  00C2                     l41
   457                           ;main.c: 195: case 61:
   458                           ;main.c: 196: RD1=(usartRx() & 1);
   459  00C2  21C5               	call	_usartRx
   460  00C3  00A3               	movwf	?a_rsi+3
   461  00C4  0C23               	rrf	?a_rsi+3,w
   462  00C5  1C03               	btfss	3,0
   463  00C6  28C9               	goto	u70
   464  00C7  1488               	bsf	8,1
   465  00C8  2969               	goto	l6
   466  00C9                     u70
   467  00C9  1088               	bcf	8,1
   468                           ;main.c: 197: break;
   469  00CA  2969               	goto	l6
   470  00CB                     l42
   471                           ;main.c: 198: case 62:
   472                           ;main.c: 199: RD2=(usartRx() & 1);
   473  00CB  21C5               	call	_usartRx
   474  00CC  00A3               	movwf	?a_rsi+3
   475  00CD  0C23               	rrf	?a_rsi+3,w
   476  00CE  1C03               	btfss	3,0
   477  00CF  28D2               	goto	u90
   478  00D0  1508               	bsf	8,2
   479  00D1  2969               	goto	l6
   480  00D2                     u90
   481  00D2  1108               	bcf	8,2
   482                           ;main.c: 200: break;
   483  00D3  2969               	goto	l6
   484  00D4                     l43
   485                           ;main.c: 201: case 63:
   486                           ;main.c: 202: RD3=(usartRx() & 1);
   487  00D4  21C5               	call	_usartRx
   488  00D5  00A3               	movwf	?a_rsi+3
   489  00D6  0C23               	rrf	?a_rsi+3,w
   490  00D7  1C03               	btfss	3,0
   491  00D8  28DB               	goto	u110
   492  00D9  1588               	bsf	8,3
   493  00DA  2969               	goto	l6
   494  00DB                     u110
   495  00DB  1188               	bcf	8,3
   496                           ;main.c: 203: break;
   497  00DC  2969               	goto	l6
   498  00DD                     l44
   499                           ;main.c: 204: case 64:
   500                           ;main.c: 205: usartTx(RD4);
   501  00DD  3000               	movlw	0
   502  00DE  1A08               	btfsc	8,4
   503  00DF  3001               	movlw	1
   504  00E0  28EE               	goto	L28
   505                           ;main.c: 207: break;
   506  00E1                     l45
   507                           ;main.c: 208: case 65:
   508                           ;main.c: 209: usartTx(RD5);
   509  00E1  3000               	movlw	0
   510  00E2  1A88               	btfsc	8,5
   511  00E3  3001               	movlw	1
   512  00E4  28EE               	goto	L28
   513                           ;main.c: 211: break;
   514  00E5                     l46
   515                           ;main.c: 212: case 66:
   516                           ;main.c: 213: usartTx(RD6);
   517  00E5  3000               	movlw	0
   518  00E6  1B08               	btfsc	8,6
   519  00E7  3001               	movlw	1
   520  00E8  28EE               	goto	L28
   521                           ;main.c: 215: break;
   522  00E9                     l47
   523                           ;main.c: 216: case 67:
   524                           ;main.c: 217: usartTx(RD7);
   525  00E9  3000               	movlw	0
   526  00EA  1B88               	btfsc	8,7
   527  00EB  3001               	movlw	1
   528  00EC  28EE               	goto	L28
   529                           ;main.c: 219: break;
   530  00ED                     l48
   531                           ;main.c: 220: case 101:
   532                           ;main.c: 221: usartTx(99);
   533  00ED  3063               	movlw	99
   534  00EE                     L28
   535  00EE  21E7               	call	_usartTx
   536                           ;main.c: 223: break;
   537  00EF  2969               	goto	l6
   538  00F0                     l8
   539  00F0  0820               	movf	?a_rsi,w
   540  00F1  3A03               	xorlw	3
   541  00F2  1903               	btfsc	3,2
   542  00F3  2814               	goto	l9
   543  00F4  3A07               	xorlw	7
   544  00F5  1903               	btfsc	3,2
   545  00F6  2816               	goto	l10
   546  00F7  3A0E               	xorlw	14
   547  00F8  1903               	btfsc	3,2
   548  00F9  281F               	goto	l11
   549  00FA  3A01               	xorlw	1
   550  00FB  1903               	btfsc	3,2
   551  00FC  2823               	goto	l12
   552  00FD  3A07               	xorlw	7
   553  00FE  1903               	btfsc	3,2
   554  00FF  2828               	goto	l13
   555  0100  3A01               	xorlw	1
   556  0101  1903               	btfsc	3,2
   557  0102  282D               	goto	l14
   558  0103  3A03               	xorlw	3
   559  0104  1903               	btfsc	3,2
   560  0105  2832               	goto	l15
   561  0106  3A01               	xorlw	1
   562  0107  1903               	btfsc	3,2
   563  0108  2837               	goto	l16
   564  0109  3A1F               	xorlw	31
   565  010A  1903               	btfsc	3,2
   566  010B  283C               	goto	l17
   567  010C  3A04               	xorlw	4
   568  010D  1903               	btfsc	3,2
   569  010E  2841               	goto	l18
   570  010F  3A01               	xorlw	1
   571  0110  1903               	btfsc	3,2
   572  0111  2843               	goto	l19
   573  0112  3A03               	xorlw	3
   574  0113  1903               	btfsc	3,2
   575  0114  2846               	goto	l20
   576  0115  3A01               	xorlw	1
   577  0116  1903               	btfsc	3,2
   578  0117  2848               	goto	l21
   579  0118  3A0F               	xorlw	15
   580  0119  1903               	btfsc	3,2
   581  011A  284A               	goto	l22
   582  011B  3A01               	xorlw	1
   583  011C  1903               	btfsc	3,2
   584  011D  284C               	goto	l23
   585  011E  3A03               	xorlw	3
   586  011F  1903               	btfsc	3,2
   587  0120  284E               	goto	l24
   588  0121  3A01               	xorlw	1
   589  0122  1903               	btfsc	3,2
   590  0123  2850               	goto	l25
   591  0124  3A05               	xorlw	5
   592  0125  1903               	btfsc	3,2
   593  0126  2855               	goto	l26
   594  0127  3A01               	xorlw	1
   595  0128  1903               	btfsc	3,2
   596  0129  2859               	goto	l27
   597  012A  3A3F               	xorlw	63
   598  012B  1903               	btfsc	3,2
   599  012C  285D               	goto	l28
   600  012D  3A01               	xorlw	1
   601  012E  1903               	btfsc	3,2
   602  012F  2861               	goto	l29
   603  0130  3A03               	xorlw	3
   604  0131  1903               	btfsc	3,2
   605  0132  2865               	goto	l30
   606  0133  3A01               	xorlw	1
   607  0134  1903               	btfsc	3,2
   608  0135  2869               	goto	l31
   609  0136  3A07               	xorlw	7
   610  0137  1903               	btfsc	3,2
   611  0138  286D               	goto	l32
   612  0139  3A01               	xorlw	1
   613  013A  1903               	btfsc	3,2
   614  013B  2871               	goto	l33
   615  013C  3A0C               	xorlw	12
   616  013D  1903               	btfsc	3,2
   617  013E  2875               	goto	l34
   618  013F  3A03               	xorlw	3
   619  0140  1903               	btfsc	3,2
   620  0141  2888               	goto	l35
   621  0142  3A06               	xorlw	6
   622  0143  1903               	btfsc	3,2
   623  0144  289B               	goto	l36
   624  0145  3A01               	xorlw	1
   625  0146  1903               	btfsc	3,2
   626  0147  28A4               	goto	l37
   627  0148  3A1F               	xorlw	31
   628  0149  1903               	btfsc	3,2
   629  014A  28AD               	goto	l38
   630  014B  3A01               	xorlw	1
   631  014C  1903               	btfsc	3,2
   632  014D  28B0               	goto	l39
   633  014E  3A0F               	xorlw	15
   634  014F  1903               	btfsc	3,2
   635  0150  28B9               	goto	l40
   636  0151  3A01               	xorlw	1
   637  0152  1903               	btfsc	3,2
   638  0153  28C2               	goto	l41
   639  0154  3A03               	xorlw	3
   640  0155  1903               	btfsc	3,2
   641  0156  28CB               	goto	l42
   642  0157  3A01               	xorlw	1
   643  0158  1903               	btfsc	3,2
   644  0159  28D4               	goto	l43
   645  015A  3A7F               	xorlw	127
   646  015B  1903               	btfsc	3,2
   647  015C  28DD               	goto	l44
   648  015D  3A01               	xorlw	1
   649  015E  1903               	btfsc	3,2
   650  015F  28E1               	goto	l45
   651  0160  3A03               	xorlw	3
   652  0161  1903               	btfsc	3,2
   653  0162  28E5               	goto	l46
   654  0163  3A01               	xorlw	1
   655  0164  1903               	btfsc	3,2
   656  0165  28E9               	goto	l47
   657  0166  3A26               	xorlw	38
   658  0167  1903               	btfsc	3,2
   659  0168  28ED               	goto	l48
   660                           ;main.c: 225: }
   661  0169                     l6
   662  0169  1303               	bcf	3,6	;carry unused
   663  016A  1283               	bcf	3,5
   664                           
   665                           	psect	intsave_0
   666  007E                     saved_w
                     saved_w
   667  007E                     	ds	1
   668                           
   669                           	psect	intret
   670  016D  082B               	movf	saved_fsr,w
   671  016E  0084               	movwf	4	;restore FSR
   672  016F  082C               	movf	saved_pclath,w
   673  0170  008A               	movwf	10
   674  0171                     int_restore
   675  0171  082A               	movf	saved_status,w
   676  0172  0083               	movwf	3
   677  0173  0EFE               	swapf	saved_w
   678  0174  0E7E               	swapf	saved_w,w
   679  0175  0009               	retfie
   680                           
   681                           	psect	intentry
   682  0004                     int_entry
   683  0004  00FE               	movwf	saved_w
   684  0005  0803               	movf	3,w
   685  0006  0183               	clrf	3
   686  0007  00AA               	movwf	saved_status
   687  0008  0804               	movf	4,w
   688  0009  00AB               	movwf	saved_fsr
   689  000A  080A               	movf	10,w
   690  000B  00AC               	movwf	saved_pclath
   691  000C  018A               	clrf	10
   692  0000                     
   693                           ;       param _canal assigned to ?_enviarCanal+
      +                          0
   694  0000                     _enviarCanal$canal	set	?_enviarCanal
   695                           
   696                           	psect	intsave
   697  002A                     saved_status
                     saved_status
   698  002A                     	ds	1
   699  002B                     saved_fsr
                     saved_fsr
   700  002B                     	ds	1
   701  002C                     saved_pclath
                     saved_pclath
   702  002C                     	ds	1
   703                           
   704                           	psect	text3
   705  01A4                     _enviarCanal
   706                           ;	__dcnt assigned to ?a_enviarCanal+0
   707  0000                     _enviarCanal$_dcnt	set	?a_enviarCanal
   708                           ;main.c: 227: void enviarCanal(int canal)
   709  01A4  0183               	clrf	3	;select bank 0
   710  01A5  0826               	movf	?_enviarCanal+1,w
   711  01A6  3A80               	xorlw	128
   712  01A7  00FF               	movwf	btemp
   713  01A8  3080               	movlw	128
   714  01A9  027F               	subwf	btemp,w
   715  01AA  3008               	movlw	8
   716                           ;set	bank bits (((?_enviarCanal+0)))
   717  01AB  1903               	btfsc	3,2
   718  01AC  0225               	subwf	?_enviarCanal,w
   719  01AD  1803               	btfsc	3,0
   720  01AE  0008               	return
   721                           ;main.c: 230: {
   722  01AF  0825               	movf	?_enviarCanal,w
   723  01B0  00A8               	movwf	?a_enviarCanal+1
   724  01B1  1003               	bcf	3,0
   725  01B2  0DA8               	rlf	?a_enviarCanal+1
   726  01B3  1003               	bcf	3,0
   727  01B4  0DA8               	rlf	?a_enviarCanal+1
   728  01B5  1003               	bcf	3,0
   729  01B6  0D28               	rlf	?a_enviarCanal+1,w
   730  01B7  3881               	iorlw	-127
   731  01B8  009F               	movwf	31	;volatile
   732                           ;main.c: 232: { unsigned char _dcnt; _dcnt = (2
      +                          0)*((20*1000L)/(12*1000L)); while(--_dcnt != 0)
      +                           continue; };
   733  01B9  3014               	movlw	20
   734  01BA  00A7               	movwf	?a_enviarCanal
   735  01BB                     l52
   736  01BB  0BA7               	decfsz	?a_enviarCanal
   737  01BC  29BB               	goto	l52
   738                           ;main.c: 233: ADGO=1;
   739  01BD  151F               	bsf	31,2
   740                           ;main.c: 234: while(ADGO){}
   741  01BE                     l54
   742  01BE  191F               	btfsc	31,2
   743  01BF  29BE               	goto	l54
   744                           ;main.c: 235: usartTx(ADRESH);
   745  01C0  081E               	movf	30,w	;volatile
   746  01C1  21E7               	call	_usartTx
   747                           ;main.c: 236: usartTx(ADRESL);
   748  01C2  1683               	bsf	3,5
   749  01C3  081E               	movf	30,w	;volatile
   750  01C4  29E7               	goto	_usartTx
   751                           
   752                           	psect	text4
   753  01E7                     _usartTx
   754                           ;	_dato assigned to ?a_usartTx+0
   755  0000                     _usartTx$dato	set	?a_usartTx
   756                           ;_dato stored from w
   757  01E7  0183               	clrf	3	;select bank 0
   758  01E8  00A9               	movwf	?a_usartTx
   759                           ;main.c: 240: void usartTx(char dato)
   760  01E9                     l58
   761  01E9  1283               	bcf	3,5
   762  01EA  1303               	bcf	3,6	;carry unused
   763  01EB  1E0C               	btfss	12,4
   764  01EC  29E9               	goto	l58
   765                           ;main.c: 243: TXREG=dato;
   766  01ED  0829               	movf	?a_usartTx,w
   767  01EE  0099               	movwf	25	;volatile
   768                           ;main.c: 244: }
   769  01EF  0008               	return	;W free
   770                           
   771                           	psect	text5
   772  01C5                     _usartRx
   773                           ;	_i assigned to ?a_usartRx+0
   774  0000                     _usartRx$i	set	?a_usartRx
   775                           ;main.c: 246: char usartRx(void)
   776  01C5  0183               	clrf	3	;select bank 0
   777  01C6  01A5               	clrf	?a_usartRx
   778  01C7  01A6               	clrf	?a_usartRx+1
   779                           ;main.c: 249: while(!RCIF && i<31250)
   780  01C8  29CC               	goto	l62
   781  01C9                     l63
   782                           ;main.c: 250: {
   783  01C9  0AA5               	incf	?a_usartRx
   784  01CA  1903               	btfsc	3,2
   785  01CB  0AA6               	incf	?a_usartRx+1
   786  01CC                     l62
   787  01CC  1A8C               	btfsc	12,5
   788  01CD  29D8               	goto	l64
   789  01CE  0826               	movf	?a_usartRx+1,w
   790  01CF  3A80               	xorlw	128
   791  01D0  00FF               	movwf	btemp
   792  01D1  30FA               	movlw	250
   793  01D2  027F               	subwf	btemp,w
   794  01D3  3012               	movlw	18
   795                           ;set	bank bits for (((?a_usartRx+0)))
   796  01D4  1903               	btfsc	3,2
   797  01D5  0225               	subwf	?a_usartRx,w
   798  01D6  1C03               	btfss	3,0
   799  01D7  29C9               	goto	l63
   800  01D8                     l64
   801                           ;main.c: 252: }
   802  01D8  081A               	movf	26,w	;volatile
   803                           ;main.c: 254: }
   804  01D9  0008               	return	;uses W
   805                           
   806                           	psect	text6
   807  0000                     
   808  0000                     
   809  0000                     
   810  0000                     
   811  0000                     
   812  0000                     
   813  0000                     
   814  0000                     
   815  0000                     
   816  0000                     
   817  0000                     
   818  0000                     
   819  0000                     
   820  0000                     
   821  0000                     
   822  0000                     
   823  0000                     
   824  0000                     
   825  0000                     
   826  0000                     
   827  0000                     
   828  0000                     
   829  0000                     
   830  0000                     
   831  0000                     
   832  0000                     
   833  0000                     
   834  0000                     
   835  0000                     
   836  0000                     
   837  0000                     
   838  0000                     
   839  0000                     
   840  0000                     
   841  0000                     
   842  0000                     
   843  0000                     
   844  0000                     
   845  0000                     
   846  0000                     
   847  0000                     
   848  0000                     
   849  0000                     
   850  0000                     
   851  0000                     
   852  0000                     
   853  0000                     
   854  0000                     
   855  0000                     
   856  0000                     
   857  0000                     
   858  0000                     
   859  0000                     
   860  0000                     
   861  0000                     
   862  0000                     
   863  0000                     
   864  0000                     
   865  0000                     
   866  0000                     
   867  0000                     
   868  0000                     
   869  0000                     
   870  0000                     
   871  0000                     
   872  0000                     
   873  0000                     
   874  0000                     
   875  0000                     
   876  0000                     
   877  0000                     
   878  0000                     
   879  0000                     
   880  0000                     
   881  0000                     
   882  0000                     
   883  0000                     
   884  0000                     
   885  0000                     
   886  0000                     
   887  0000                     
   888  0000                     
   889  0000                     
   890  0000                     
   891  0000                     
   892  0000                     
   893  0000                     
   894  0000                     
   895  0000                     
   896  0000                     
   897  0000                     
   898  0000                     
   899  0000                     
   900  0000                     
   901  0000                     
   902  0000                     
   903  0000                     
   904  0000                     
   905  0000                     
   906  0000                     
   907  0000                     
   908  0000                     
   909  0000                     
   910  0000                     
   911  0000                     
   912  0000                     
   913  0000                     
   914  0000                     
   915  0000                     
   916  0000                     
   917  0000                     
   918  0000                     
   919  0000                     
   920  0000                     
   921  0000                     
   922  0000                     
   923  0000                     
   924  0000                     
   925  0000                     
   926  0000                     
   927  0000                     
   928  0000                     
   929  0000                     
   930  0000                     
   931  0000                     
   932  0000                     
   933  0000                     
   934  0000                     
   935  0000                     
   936  0000                     
   937  0000                     
   938  0000                     
   939  0000                     
   940  0000                     
   941  0000                     
   942  0000                     
   943  0000                     
   944  0000                     
   945  0000                     
   946  0000                     
   947  0000                     
   948  0000                     
   949  0000                     
   950  0000                     
   951  0000                     
   952  0000                     
   953  0000                     
   954  0000                     
   955  0000                     
   956  0000                     
   957  0000                     
   958  0000                     
   959  0000                     
   960  0000                     
   961  0000                     
   962  0000                     
   963  0000                     
   964  0000                     
   965  0000                     
   966  0000                     
   967  0000                     
   968  0000                     
   969  0000                     
   970  0000                     
   971  0000                     
   972  0000                     
   973  0000                     
   974  0000                     
   975  0000                     
   976  0000                     
   977  0000                     
   978  0000                     
   979  0000                     
   980  0000                     
   981  0000                     
   982  0000                     
   983  0000                     
   984  0000                     
   985  0000                     
   986  0000                     
   987  0000                     
   988  0000                     
   989  0000                     
   990  0000                     
   991  0000                     
   992  0000                     
   993  0000                     
   994  0000                     
   995  0000                     
   996  0000                     
   997  0000                     
   998  0000                     
   999  0000                     
  1000  0000                     
  1001  0000                     
  1002  0000                     
  1003  0000                     
  1004  0000                     
  1005  0000                     
  1006  0000                     
  1007  0000                     
  1008  0000                     
  1009  0000                     
  1010  0000                     
  1011  0000                     
  1012  0000                     
  1013  0000                     
  1014  0000                     
  1015  0000                     
  1016  0000                     
  1017  0000                     
  1018  0000                     
  1019  0000                     
  1020  0000                     
  1021  0000                     
  1022  0000                     
  1023  0000                     
  1024  0000                     
  1025  0000                     
  1026  0000                     
  1027  0000                     
  1028  0000                     
  1029  0000                     
  1030  0000                     
  1031  0000                     
  1032  0000                     
  1033  0000                     
  1034  0000                     
  1035  0000                     
  1036  0000                     
  1037  0000                     
  1038  0000                     
  1039  0000                     
  1040  0000                     
  1041  0000                     
  1042  0000                     
  1043  0000                     
  1044  0000                     
  1045  0000                     
  1046  0000                     
  1047  0000                     
  1048  0000                     
  1049  0000                     
  1050  0000                     
  1051  0000                     
  1052  0000                     
  1053  0000                     
  1054  0000                     
  1055  0000                     
  1056  0000                     
  1057  0000                     
  1058  0000                     
  1059  0000                     
  1060  0000                     
  1061  0000                     
  1062  0000                     
  1063  0000                     
  1064  0000                     
  1065  0000                     
  1066  0000                     
  1067  0000                     
  1068  0000                     
  1069  0000                     
  1070  0000                     
  1071  0000                     
  1072  0000                     
  1073  0000                     
  1074  0000                     
  1075  0000                     
  1076  0000                     
  1077  0000                     
  1078  0000                     
  1079  0000                     
  1080  0000                     
  1081  0000                     
  1082  0000                     
  1083  0000                     
  1084  0000                     
  1085                           
  1086                           	psect	temp
  1087  007F                     btemp
                     btemp
  1088  007F                     	ds	1


HI-TECH Software PICC Macro Assembler V9.60PL1
Symbol Table                                          Mon Jul 21 16:07:00 2008

      _enviarCanal 01A4                  l3 01F2                  l6 0169  
                l8 00F0                  l9 0014                 l10 0016  
               l11 001F                 l20 0046                 l12 0023  
               l21 0048                 l13 0028                 l30 0065  
               l22 004A                 l14 002D                 l31 0069  
               l23 004C                 l15 0032                 l40 00B9  
               l32 006D                 l24 004E                 l16 0037  
               l41 00C2                 l33 0071                 l25 0050  
               l17 003C                 l42 00CB                 l34 0075  
               l26 0055                 l18 0041                 l43 00D4  
               l35 0088                 l27 0059                 l19 0043  
               l52 01BB                 l44 00DD                 l36 009B  
               l28 005D                 l45 00E1                 l37 00A4  
               l29 0061                 l62 01CC                 l54 01BE  
               l46 00E5                 l38 00AD                 l63 01C9  
               l47 00E9                 l39 00B0                 l64 01D8  
               l48 00ED                 l58 01E9                 u10 00A2  
               u30 00AB                 u50 00C0                 u70 00C9  
               u90 00D2                 fsr 0004        _inicializar 0177  
              u110 00DB                _rsi 000F       save_code_ptr 000F  
             f2823 0023               f2863 0028      ?a_enviarCanal 0027  
       save_btemp0 000D         save_btemp1 000F         save_btemp2 000F  
       save_btemp3 000F         save_btemp4 000F         save_btemp5 000F  
       save_btemp6 000F         save_btemp7 000F         save_btemp8 000F  
       save_btemp9 000F               _main 01F0               btemp 007F  
             start 0176          ?a_usartRx 0025          ?a_usartTx 0029  
           saved_w 007E           int_entry 0004              ?a_rsi 0020  
         saved_fsr 002B        save_btemp10 000F        save_btemp11 000F  
      save_btemp12 000F        save_btemp13 000F        save_btemp14 000F  
      saved_pclath 002C            _usartRx 01C5            _usartTx 01E7  
            pclath 000A        saved_status 002A              status 0003  
          int_func 000F       ?_enviarCanal 0025         int_restore 0171  
       used_btemp0 0001  
